{"/Users/priscila/MaterialCalendar/public/content/js/material-calendar.js":{"path":"/Users/priscila/MaterialCalendar/public/content/js/material-calendar.js","s":{"1":1,"2":1,"3":0,"4":0,"5":0,"6":0,"7":0,"8":0,"9":0,"10":0,"11":0,"12":0,"13":0,"14":1,"15":0,"16":0,"17":0,"18":1,"19":0,"20":0,"21":0,"22":0,"23":0,"24":0,"25":0,"26":0,"27":0,"28":0,"29":0,"30":0,"31":0,"32":0,"33":0,"34":0,"35":0,"36":0,"37":0,"38":0,"39":0,"40":0,"41":0,"42":0,"43":0,"44":0,"45":0,"46":0,"47":1,"48":0,"49":1,"50":0,"51":0,"52":0,"53":0,"54":0,"55":0,"56":0,"57":0,"58":0,"59":0,"60":0,"61":0,"62":0,"63":0,"64":0,"65":0,"66":0,"67":0,"68":0,"69":0,"70":0,"71":0,"72":0,"73":0,"74":0,"75":0,"76":0,"77":0,"78":0,"79":0,"80":0,"81":0,"82":0,"83":0,"84":0,"85":0,"86":0,"87":0,"88":0,"89":0,"90":0,"91":0,"92":0,"93":0,"94":0,"95":0,"96":0,"97":0,"98":0,"99":0,"100":0,"101":0,"102":0,"103":0,"104":0,"105":0,"106":0,"107":0,"108":0,"109":0,"110":0,"111":0,"112":0,"113":0,"114":0,"115":0,"116":0,"117":0,"118":0,"119":0,"120":0,"121":0,"122":0,"123":0,"124":0,"125":0,"126":0,"127":0,"128":0,"129":0,"130":0,"131":0,"132":0,"133":0,"134":0,"135":0,"136":0,"137":0,"138":0,"139":0,"140":0,"141":0,"142":1,"143":0,"144":0,"145":0,"146":0,"147":0,"148":0,"149":0,"150":0,"151":0,"152":0,"153":0,"154":0,"155":0,"156":0,"157":0,"158":0,"159":0,"160":0,"161":0,"162":0,"163":0,"164":0,"165":0,"166":0,"167":0,"168":0,"169":0,"170":0,"171":0,"172":0,"173":0,"174":0,"175":0,"176":0,"177":0,"178":0,"179":0,"180":0,"181":0,"182":0,"183":0,"184":0,"185":0,"186":1,"187":0,"188":0,"189":0,"190":1,"191":0,"192":0,"193":0,"194":0,"195":1,"196":0,"197":0,"198":0,"199":0,"200":0,"201":0,"202":0,"203":0,"204":0,"205":0,"206":0,"207":0,"208":0,"209":1,"210":0,"211":0,"212":0,"213":0,"214":1,"215":0,"216":0,"217":0,"218":0,"219":0,"220":0,"221":0,"222":0,"223":0,"224":0,"225":0,"226":0,"227":1,"228":0,"229":0,"230":0,"231":0,"232":0,"233":0,"234":0,"235":0,"236":0,"237":0,"238":1,"239":0,"240":0,"241":0,"242":0,"243":0,"244":0,"245":0,"246":0,"247":0,"248":0,"249":0,"250":0,"251":1,"252":0,"253":0,"254":0,"255":0,"256":0,"257":0,"258":0,"259":0,"260":0,"261":0,"262":0,"263":0,"264":0,"265":0,"266":0,"267":0,"268":0,"269":0,"270":0,"271":0,"272":0,"273":0,"274":0,"275":0,"276":0,"277":0,"278":1,"279":0,"280":0,"281":1,"282":0,"283":0,"284":0,"285":0,"286":0,"287":0,"288":0,"289":0,"290":1,"291":0,"292":0,"293":0,"294":0,"295":0,"296":1,"297":0,"298":0,"299":1,"300":0,"301":0,"302":0,"303":0,"304":0,"305":0,"306":1,"307":0,"308":0,"309":0,"310":0,"311":0,"312":0,"313":0,"314":0,"315":1,"316":0,"317":0,"318":0,"319":0,"320":0,"321":1},"b":{"1":[0,0],"2":[0,0],"3":[0,0],"4":[0,0],"5":[0,0],"6":[0,0],"7":[0,0],"8":[0,0],"9":[0,0],"10":[0,0],"11":[0,0],"12":[0,0],"13":[0,0],"14":[0,0],"15":[0,0],"16":[0,0],"17":[0,0],"18":[0,0],"19":[0,0],"20":[0,0],"21":[0,0],"22":[0,0],"23":[0,0,0,0,0],"24":[0,0],"25":[0,0],"26":[0,0],"27":[0,0],"28":[0,0],"29":[0,0],"30":[0,0],"31":[0,0],"32":[0,0],"33":[0,0],"34":[0,0],"35":[0,0],"36":[0,0],"37":[0,0],"38":[0,0],"39":[0,0],"40":[0,0],"41":[0,0],"42":[0,0],"43":[0,0],"44":[0,0]},"f":{"1":1,"2":0,"3":0,"4":0,"5":0,"6":0,"7":0,"8":0,"9":0,"10":0,"11":0,"12":0,"13":0,"14":0,"15":0,"16":0,"17":0,"18":0,"19":0,"20":0,"21":0,"22":0,"23":0,"24":0,"25":0,"26":0,"27":0},"fnMap":{"1":{"name":"(anonymous_1)","line":3,"loc":{"start":{"line":3,"column":1},"end":{"line":3,"column":18}}},"2":{"name":"MaterialCalendar","line":6,"loc":{"start":{"line":6,"column":1},"end":{"line":6,"column":29}}},"3":{"name":"(anonymous_3)","line":31,"loc":{"start":{"line":31,"column":49},"end":{"line":31,"column":64}}},"4":{"name":"(anonymous_4)","line":36,"loc":{"start":{"line":36,"column":45},"end":{"line":36,"column":56}}},"5":{"name":"(anonymous_5)","line":43,"loc":{"start":{"line":43,"column":40},"end":{"line":43,"column":54}}},"6":{"name":"(anonymous_6)","line":77,"loc":{"start":{"line":77,"column":32},"end":{"line":77,"column":43}}},"7":{"name":"(anonymous_7)","line":89,"loc":{"start":{"line":89,"column":21},"end":{"line":89,"column":32}}},"8":{"name":"(anonymous_8)","line":99,"loc":{"start":{"line":99,"column":38},"end":{"line":99,"column":49}}},"9":{"name":"build","line":104,"loc":{"start":{"line":104,"column":1},"end":{"line":104,"column":34}}},"10":{"name":"markEvents","line":267,"loc":{"start":{"line":267,"column":1},"end":{"line":267,"column":53}}},"11":{"name":"updateRange","line":340,"loc":{"start":{"line":340,"column":1},"end":{"line":340,"column":37}}},"12":{"name":"getConfiguration","line":347,"loc":{"start":{"line":347,"column":1},"end":{"line":347,"column":47}}},"13":{"name":"convertDate","line":357,"loc":{"start":{"line":357,"column":1},"end":{"line":357,"column":46}}},"14":{"name":"getTitle","line":397,"loc":{"start":{"line":397,"column":1},"end":{"line":397,"column":36}}},"15":{"name":"getMonths","line":407,"loc":{"start":{"line":407,"column":1},"end":{"line":407,"column":50}}},"16":{"name":"getGroupTitle","line":433,"loc":{"start":{"line":433,"column":1},"end":{"line":433,"column":55}}},"17":{"name":"getWeeks","line":446,"loc":{"start":{"line":446,"column":1},"end":{"line":446,"column":51}}},"18":{"name":"calcEventPositionAndWidth","line":480,"loc":{"start":{"line":480,"column":1},"end":{"line":480,"column":100}}},"19":{"name":"removeSpecialChars","line":542,"loc":{"start":{"line":542,"column":1},"end":{"line":542,"column":37}}},"20":{"name":"convertStringToDate","line":552,"loc":{"start":{"line":552,"column":1},"end":{"line":552,"column":44}}},"21":{"name":"convertEventsDate","line":572,"loc":{"start":{"line":572,"column":1},"end":{"line":572,"column":44}}},"22":{"name":"sortJsonByName","line":584,"loc":{"start":{"line":584,"column":1},"end":{"line":584,"column":31}}},"23":{"name":"sortJsonByStartDate","line":590,"loc":{"start":{"line":590,"column":1},"end":{"line":590,"column":36}}},"24":{"name":"(anonymous_24)","line":601,"loc":{"start":{"line":601,"column":10},"end":{"line":601,"column":21}}},"25":{"name":"(anonymous_25)","line":611,"loc":{"start":{"line":611,"column":10},"end":{"line":611,"column":21}}},"26":{"name":"(anonymous_26)","line":614,"loc":{"start":{"line":614,"column":10},"end":{"line":614,"column":21}}},"27":{"name":"adjustWeekWidth","line":619,"loc":{"start":{"line":619,"column":1},"end":{"line":619,"column":28}}}},"statementMap":{"1":{"start":{"line":3,"column":0},"end":{"line":632,"column":9}},"2":{"start":{"line":6,"column":1},"end":{"line":34,"column":2}},"3":{"start":{"line":7,"column":2},"end":{"line":7,"column":23}},"4":{"start":{"line":8,"column":2},"end":{"line":10,"column":4}},"5":{"start":{"line":13,"column":2},"end":{"line":19,"column":4}},"6":{"start":{"line":22,"column":2},"end":{"line":26,"column":3}},"7":{"start":{"line":23,"column":3},"end":{"line":23,"column":59}},"8":{"start":{"line":25,"column":3},"end":{"line":25,"column":27}},"9":{"start":{"line":29,"column":2},"end":{"line":29,"column":85}},"10":{"start":{"line":30,"column":2},"end":{"line":30,"column":76}},"11":{"start":{"line":31,"column":2},"end":{"line":31,"column":83}},"12":{"start":{"line":31,"column":66},"end":{"line":31,"column":79}},"13":{"start":{"line":33,"column":2},"end":{"line":33,"column":24}},"14":{"start":{"line":36,"column":1},"end":{"line":41,"column":3}},"15":{"start":{"line":37,"column":2},"end":{"line":37,"column":14}},"16":{"start":{"line":38,"column":2},"end":{"line":40,"column":3}},"17":{"start":{"line":39,"column":3},"end":{"line":39,"column":49}},"18":{"start":{"line":43,"column":1},"end":{"line":97,"column":3}},"19":{"start":{"line":45,"column":2},"end":{"line":50,"column":6}},"20":{"start":{"line":53,"column":2},"end":{"line":53,"column":40}},"21":{"start":{"line":55,"column":2},"end":{"line":55,"column":33}},"22":{"start":{"line":57,"column":2},"end":{"line":96,"column":3}},"23":{"start":{"line":58,"column":3},"end":{"line":58,"column":44}},"24":{"start":{"line":58,"column":25},"end":{"line":58,"column":42}},"25":{"start":{"line":60,"column":3},"end":{"line":68,"column":4}},"26":{"start":{"line":61,"column":4},"end":{"line":63,"column":5}},"27":{"start":{"line":62,"column":5},"end":{"line":62,"column":45}},"28":{"start":{"line":65,"column":4},"end":{"line":65,"column":42}},"29":{"start":{"line":67,"column":4},"end":{"line":67,"column":35}},"30":{"start":{"line":70,"column":3},"end":{"line":70,"column":32}},"31":{"start":{"line":71,"column":3},"end":{"line":71,"column":18}},"32":{"start":{"line":73,"column":3},"end":{"line":73,"column":20}},"33":{"start":{"line":75,"column":3},"end":{"line":75,"column":76}},"34":{"start":{"line":77,"column":3},"end":{"line":87,"column":5}},"35":{"start":{"line":78,"column":4},"end":{"line":78,"column":21}},"36":{"start":{"line":80,"column":4},"end":{"line":86,"column":5}},"37":{"start":{"line":81,"column":5},"end":{"line":81,"column":70}},"38":{"start":{"line":82,"column":5},"end":{"line":82,"column":23}},"39":{"start":{"line":83,"column":5},"end":{"line":83,"column":22}},"40":{"start":{"line":85,"column":5},"end":{"line":85,"column":40}},"41":{"start":{"line":85,"column":24},"end":{"line":85,"column":38}},"42":{"start":{"line":89,"column":3},"end":{"line":92,"column":5}},"43":{"start":{"line":90,"column":4},"end":{"line":90,"column":21}},"44":{"start":{"line":91,"column":4},"end":{"line":91,"column":35}},"45":{"start":{"line":91,"column":21},"end":{"line":91,"column":33}},"46":{"start":{"line":95,"column":3},"end":{"line":95,"column":24}},"47":{"start":{"line":99,"column":1},"end":{"line":101,"column":3}},"48":{"start":{"line":100,"column":2},"end":{"line":100,"column":25}},"49":{"start":{"line":104,"column":1},"end":{"line":264,"column":2}},"50":{"start":{"line":105,"column":2},"end":{"line":110,"column":36}},"51":{"start":{"line":113,"column":2},"end":{"line":113,"column":64}},"52":{"start":{"line":114,"column":2},"end":{"line":114,"column":87}},"53":{"start":{"line":117,"column":2},"end":{"line":117,"column":44}},"54":{"start":{"line":118,"column":2},"end":{"line":118,"column":48}},"55":{"start":{"line":119,"column":2},"end":{"line":119,"column":45}},"56":{"start":{"line":120,"column":2},"end":{"line":120,"column":81}},"57":{"start":{"line":121,"column":2},"end":{"line":121,"column":34}},"58":{"start":{"line":122,"column":2},"end":{"line":122,"column":48}},"59":{"start":{"line":125,"column":2},"end":{"line":125,"column":43}},"60":{"start":{"line":126,"column":2},"end":{"line":126,"column":44}},"61":{"start":{"line":129,"column":2},"end":{"line":129,"column":42}},"62":{"start":{"line":130,"column":2},"end":{"line":130,"column":37}},"63":{"start":{"line":133,"column":2},"end":{"line":133,"column":42}},"64":{"start":{"line":134,"column":2},"end":{"line":134,"column":36}},"65":{"start":{"line":137,"column":2},"end":{"line":137,"column":42}},"66":{"start":{"line":138,"column":2},"end":{"line":138,"column":36}},"67":{"start":{"line":142,"column":2},"end":{"line":149,"column":3}},"68":{"start":{"line":143,"column":3},"end":{"line":143,"column":49}},"69":{"start":{"line":145,"column":3},"end":{"line":145,"column":44}},"70":{"start":{"line":146,"column":3},"end":{"line":146,"column":42}},"71":{"start":{"line":147,"column":3},"end":{"line":147,"column":30}},"72":{"start":{"line":148,"column":3},"end":{"line":148,"column":34}},"73":{"start":{"line":151,"column":2},"end":{"line":151,"column":24}},"74":{"start":{"line":152,"column":2},"end":{"line":152,"column":37}},"75":{"start":{"line":156,"column":2},"end":{"line":156,"column":67}},"76":{"start":{"line":158,"column":2},"end":{"line":235,"column":3}},"77":{"start":{"line":160,"column":3},"end":{"line":160,"column":42}},"78":{"start":{"line":161,"column":3},"end":{"line":161,"column":31}},"79":{"start":{"line":162,"column":3},"end":{"line":162,"column":67}},"80":{"start":{"line":165,"column":3},"end":{"line":165,"column":34}},"81":{"start":{"line":166,"column":3},"end":{"line":166,"column":27}},"82":{"start":{"line":169,"column":3},"end":{"line":169,"column":42}},"83":{"start":{"line":170,"column":3},"end":{"line":170,"column":31}},"84":{"start":{"line":171,"column":3},"end":{"line":171,"column":31}},"85":{"start":{"line":172,"column":3},"end":{"line":172,"column":27}},"86":{"start":{"line":175,"column":3},"end":{"line":175,"column":43}},"87":{"start":{"line":176,"column":3},"end":{"line":176,"column":29}},"88":{"start":{"line":177,"column":3},"end":{"line":177,"column":47}},"89":{"start":{"line":178,"column":3},"end":{"line":178,"column":32}},"90":{"start":{"line":179,"column":3},"end":{"line":179,"column":30}},"91":{"start":{"line":182,"column":3},"end":{"line":182,"column":44}},"92":{"start":{"line":183,"column":3},"end":{"line":183,"column":75}},"93":{"start":{"line":184,"column":3},"end":{"line":184,"column":70}},"94":{"start":{"line":187,"column":3},"end":{"line":187,"column":66}},"95":{"start":{"line":189,"column":3},"end":{"line":189,"column":45}},"96":{"start":{"line":190,"column":3},"end":{"line":190,"column":34}},"97":{"start":{"line":193,"column":3},"end":{"line":193,"column":47}},"98":{"start":{"line":194,"column":3},"end":{"line":194,"column":33}},"99":{"start":{"line":195,"column":3},"end":{"line":195,"column":37}},"100":{"start":{"line":197,"column":3},"end":{"line":197,"column":44}},"101":{"start":{"line":198,"column":3},"end":{"line":198,"column":61}},"102":{"start":{"line":200,"column":3},"end":{"line":231,"column":4}},"103":{"start":{"line":202,"column":4},"end":{"line":202,"column":42}},"104":{"start":{"line":203,"column":4},"end":{"line":203,"column":30}},"105":{"start":{"line":204,"column":4},"end":{"line":204,"column":59}},"106":{"start":{"line":205,"column":4},"end":{"line":205,"column":65}},"107":{"start":{"line":206,"column":4},"end":{"line":206,"column":34}},"108":{"start":{"line":209,"column":4},"end":{"line":209,"column":45}},"109":{"start":{"line":210,"column":4},"end":{"line":210,"column":33}},"110":{"start":{"line":211,"column":4},"end":{"line":211,"column":62}},"111":{"start":{"line":214,"column":4},"end":{"line":214,"column":47}},"112":{"start":{"line":215,"column":4},"end":{"line":215,"column":32}},"113":{"start":{"line":216,"column":4},"end":{"line":216,"column":45}},"114":{"start":{"line":217,"column":4},"end":{"line":217,"column":33}},"115":{"start":{"line":219,"column":4},"end":{"line":219,"column":43}},"116":{"start":{"line":221,"column":4},"end":{"line":227,"column":5}},"117":{"start":{"line":222,"column":5},"end":{"line":222,"column":130}},"118":{"start":{"line":222,"column":122},"end":{"line":222,"column":128}},"119":{"start":{"line":223,"column":5},"end":{"line":223,"column":45}},"120":{"start":{"line":224,"column":5},"end":{"line":224,"column":32}},"121":{"start":{"line":225,"column":5},"end":{"line":225,"column":149}},"122":{"start":{"line":226,"column":5},"end":{"line":226,"column":59}},"123":{"start":{"line":229,"column":4},"end":{"line":229,"column":36}},"124":{"start":{"line":230,"column":4},"end":{"line":230,"column":58}},"125":{"start":{"line":233,"column":3},"end":{"line":233,"column":31}},"126":{"start":{"line":234,"column":3},"end":{"line":234,"column":64}},"127":{"start":{"line":238,"column":2},"end":{"line":238,"column":43}},"128":{"start":{"line":239,"column":2},"end":{"line":253,"column":3}},"129":{"start":{"line":240,"column":3},"end":{"line":240,"column":37}},"130":{"start":{"line":241,"column":3},"end":{"line":241,"column":25}},"131":{"start":{"line":244,"column":3},"end":{"line":247,"column":4}},"132":{"start":{"line":245,"column":4},"end":{"line":245,"column":58}},"133":{"start":{"line":246,"column":4},"end":{"line":246,"column":69}},"134":{"start":{"line":249,"column":3},"end":{"line":252,"column":4}},"135":{"start":{"line":250,"column":4},"end":{"line":250,"column":48}},"136":{"start":{"line":251,"column":4},"end":{"line":251,"column":28}},"137":{"start":{"line":255,"column":2},"end":{"line":255,"column":27}},"138":{"start":{"line":256,"column":2},"end":{"line":256,"column":27}},"139":{"start":{"line":259,"column":2},"end":{"line":259,"column":26}},"140":{"start":{"line":260,"column":2},"end":{"line":260,"column":46}},"141":{"start":{"line":263,"column":2},"end":{"line":263,"column":79}},"142":{"start":{"line":267,"column":1},"end":{"line":337,"column":2}},"143":{"start":{"line":268,"column":2},"end":{"line":268,"column":119}},"144":{"start":{"line":270,"column":2},"end":{"line":270,"column":66}},"145":{"start":{"line":271,"column":2},"end":{"line":271,"column":39}},"146":{"start":{"line":272,"column":2},"end":{"line":272,"column":44}},"147":{"start":{"line":274,"column":2},"end":{"line":336,"column":3}},"148":{"start":{"line":275,"column":3},"end":{"line":275,"column":15}},"149":{"start":{"line":277,"column":3},"end":{"line":281,"column":4}},"150":{"start":{"line":278,"column":4},"end":{"line":278,"column":62}},"151":{"start":{"line":279,"column":4},"end":{"line":279,"column":60}},"152":{"start":{"line":280,"column":4},"end":{"line":280,"column":31}},"153":{"start":{"line":283,"column":3},"end":{"line":286,"column":4}},"154":{"start":{"line":284,"column":4},"end":{"line":284,"column":56}},"155":{"start":{"line":285,"column":4},"end":{"line":285,"column":31}},"156":{"start":{"line":288,"column":3},"end":{"line":288,"column":66}},"157":{"start":{"line":289,"column":3},"end":{"line":289,"column":76}},"158":{"start":{"line":291,"column":3},"end":{"line":291,"column":98}},"159":{"start":{"line":292,"column":3},"end":{"line":292,"column":67}},"160":{"start":{"line":295,"column":3},"end":{"line":295,"column":54}},"161":{"start":{"line":296,"column":3},"end":{"line":296,"column":56}},"162":{"start":{"line":297,"column":3},"end":{"line":299,"column":4}},"163":{"start":{"line":298,"column":4},"end":{"line":298,"column":39}},"164":{"start":{"line":302,"column":3},"end":{"line":302,"column":45}},"165":{"start":{"line":303,"column":3},"end":{"line":303,"column":52}},"166":{"start":{"line":304,"column":3},"end":{"line":304,"column":154}},"167":{"start":{"line":305,"column":3},"end":{"line":305,"column":127}},"168":{"start":{"line":308,"column":3},"end":{"line":308,"column":42}},"169":{"start":{"line":309,"column":3},"end":{"line":309,"column":45}},"170":{"start":{"line":312,"column":3},"end":{"line":333,"column":4}},"171":{"start":{"line":313,"column":4},"end":{"line":332,"column":5}},"172":{"start":{"line":314,"column":5},"end":{"line":314,"column":59}},"173":{"start":{"line":315,"column":5},"end":{"line":315,"column":60}},"174":{"start":{"line":317,"column":5},"end":{"line":329,"column":6}},"175":{"start":{"line":318,"column":6},"end":{"line":318,"column":50}},"176":{"start":{"line":319,"column":6},"end":{"line":319,"column":58}},"177":{"start":{"line":320,"column":6},"end":{"line":320,"column":81}},"178":{"start":{"line":321,"column":6},"end":{"line":321,"column":65}},"179":{"start":{"line":322,"column":6},"end":{"line":322,"column":99}},"180":{"start":{"line":324,"column":6},"end":{"line":324,"column":51}},"181":{"start":{"line":326,"column":6},"end":{"line":326,"column":51}},"182":{"start":{"line":327,"column":6},"end":{"line":327,"column":58}},"183":{"start":{"line":328,"column":6},"end":{"line":328,"column":103}},"184":{"start":{"line":331,"column":5},"end":{"line":331,"column":51}},"185":{"start":{"line":335,"column":3},"end":{"line":335,"column":148}},"186":{"start":{"line":340,"column":1},"end":{"line":345,"column":2}},"187":{"start":{"line":341,"column":2},"end":{"line":341,"column":57}},"188":{"start":{"line":342,"column":2},"end":{"line":342,"column":53}},"189":{"start":{"line":344,"column":2},"end":{"line":344,"column":15}},"190":{"start":{"line":347,"column":1},"end":{"line":355,"column":2}},"191":{"start":{"line":348,"column":2},"end":{"line":352,"column":3}},"192":{"start":{"line":349,"column":3},"end":{"line":351,"column":4}},"193":{"start":{"line":350,"column":4},"end":{"line":350,"column":36}},"194":{"start":{"line":354,"column":2},"end":{"line":354,"column":16}},"195":{"start":{"line":357,"column":1},"end":{"line":395,"column":2}},"196":{"start":{"line":358,"column":2},"end":{"line":358,"column":14}},"197":{"start":{"line":360,"column":2},"end":{"line":392,"column":3}},"198":{"start":{"line":362,"column":4},"end":{"line":365,"column":6}},"199":{"start":{"line":366,"column":3},"end":{"line":366,"column":9}},"200":{"start":{"line":368,"column":4},"end":{"line":371,"column":6}},"201":{"start":{"line":372,"column":3},"end":{"line":372,"column":9}},"202":{"start":{"line":374,"column":4},"end":{"line":377,"column":6}},"203":{"start":{"line":378,"column":3},"end":{"line":378,"column":9}},"204":{"start":{"line":380,"column":4},"end":{"line":383,"column":6}},"205":{"start":{"line":384,"column":3},"end":{"line":384,"column":9}},"206":{"start":{"line":386,"column":4},"end":{"line":390,"column":6}},"207":{"start":{"line":391,"column":3},"end":{"line":391,"column":9}},"208":{"start":{"line":394,"column":2},"end":{"line":394,"column":17}},"209":{"start":{"line":397,"column":1},"end":{"line":405,"column":2}},"210":{"start":{"line":398,"column":2},"end":{"line":398,"column":41}},"211":{"start":{"line":400,"column":2},"end":{"line":402,"column":3}},"212":{"start":{"line":401,"column":3},"end":{"line":401,"column":63}},"213":{"start":{"line":404,"column":2},"end":{"line":404,"column":41}},"214":{"start":{"line":407,"column":1},"end":{"line":431,"column":2}},"215":{"start":{"line":408,"column":2},"end":{"line":410,"column":37}},"216":{"start":{"line":412,"column":2},"end":{"line":428,"column":35}},"217":{"start":{"line":413,"column":3},"end":{"line":421,"column":4}},"218":{"start":{"line":414,"column":4},"end":{"line":414,"column":45}},"219":{"start":{"line":416,"column":8},"end":{"line":421,"column":4}},"220":{"start":{"line":417,"column":4},"end":{"line":417,"column":43}},"221":{"start":{"line":420,"column":4},"end":{"line":420,"column":27}},"222":{"start":{"line":423,"column":3},"end":{"line":423,"column":39}},"223":{"start":{"line":424,"column":3},"end":{"line":424,"column":58}},"224":{"start":{"line":426,"column":3},"end":{"line":426,"column":76}},"225":{"start":{"line":427,"column":3},"end":{"line":427,"column":64}},"226":{"start":{"line":430,"column":2},"end":{"line":430,"column":16}},"227":{"start":{"line":433,"column":1},"end":{"line":444,"column":2}},"228":{"start":{"line":434,"column":2},"end":{"line":434,"column":41}},"229":{"start":{"line":435,"column":2},"end":{"line":435,"column":29}},"230":{"start":{"line":436,"column":2},"end":{"line":436,"column":37}},"231":{"start":{"line":437,"column":2},"end":{"line":437,"column":55}},"232":{"start":{"line":438,"column":2},"end":{"line":438,"column":24}},"233":{"start":{"line":439,"column":2},"end":{"line":439,"column":37}},"234":{"start":{"line":440,"column":2},"end":{"line":440,"column":50}},"235":{"start":{"line":441,"column":2},"end":{"line":441,"column":25}},"236":{"start":{"line":442,"column":2},"end":{"line":442,"column":28}},"237":{"start":{"line":443,"column":2},"end":{"line":443,"column":26}},"238":{"start":{"line":446,"column":1},"end":{"line":469,"column":2}},"239":{"start":{"line":447,"column":2},"end":{"line":450,"column":27}},"240":{"start":{"line":453,"column":2},"end":{"line":458,"column":3}},"241":{"start":{"line":454,"column":3},"end":{"line":454,"column":19}},"242":{"start":{"line":455,"column":3},"end":{"line":457,"column":4}},"243":{"start":{"line":456,"column":4},"end":{"line":456,"column":37}},"244":{"start":{"line":461,"column":2},"end":{"line":466,"column":3}},"245":{"start":{"line":462,"column":3},"end":{"line":462,"column":61}},"246":{"start":{"line":463,"column":3},"end":{"line":463,"column":50}},"247":{"start":{"line":464,"column":3},"end":{"line":464,"column":36}},"248":{"start":{"line":465,"column":3},"end":{"line":465,"column":95}},"249":{"start":{"line":465,"column":87},"end":{"line":465,"column":93}},"250":{"start":{"line":468,"column":2},"end":{"line":468,"column":15}},"251":{"start":{"line":480,"column":1},"end":{"line":539,"column":2}},"252":{"start":{"line":481,"column":2},"end":{"line":485,"column":35}},"253":{"start":{"line":488,"column":2},"end":{"line":495,"column":3}},"254":{"start":{"line":489,"column":3},"end":{"line":489,"column":61}},"255":{"start":{"line":491,"column":3},"end":{"line":494,"column":4}},"256":{"start":{"line":492,"column":4},"end":{"line":492,"column":14}},"257":{"start":{"line":493,"column":4},"end":{"line":493,"column":43}},"258":{"start":{"line":499,"column":2},"end":{"line":536,"column":3}},"259":{"start":{"line":500,"column":3},"end":{"line":500,"column":51}},"260":{"start":{"line":503,"column":3},"end":{"line":507,"column":4}},"261":{"start":{"line":504,"column":4},"end":{"line":504,"column":40}},"262":{"start":{"line":506,"column":4},"end":{"line":506,"column":92}},"263":{"start":{"line":510,"column":3},"end":{"line":512,"column":4}},"264":{"start":{"line":511,"column":4},"end":{"line":511,"column":33}},"265":{"start":{"line":515,"column":3},"end":{"line":517,"column":4}},"266":{"start":{"line":516,"column":4},"end":{"line":516,"column":32}},"267":{"start":{"line":520,"column":3},"end":{"line":528,"column":4}},"268":{"start":{"line":521,"column":4},"end":{"line":521,"column":33}},"269":{"start":{"line":523,"column":8},"end":{"line":528,"column":4}},"270":{"start":{"line":524,"column":4},"end":{"line":524,"column":36}},"271":{"start":{"line":527,"column":4},"end":{"line":527,"column":48}},"272":{"start":{"line":530,"column":3},"end":{"line":530,"column":46}},"273":{"start":{"line":532,"column":3},"end":{"line":532,"column":31}},"274":{"start":{"line":533,"column":3},"end":{"line":533,"column":39}},"275":{"start":{"line":534,"column":3},"end":{"line":534,"column":49}},"276":{"start":{"line":535,"column":3},"end":{"line":535,"column":64}},"277":{"start":{"line":538,"column":2},"end":{"line":538,"column":39}},"278":{"start":{"line":542,"column":1},"end":{"line":545,"column":2}},"279":{"start":{"line":543,"column":2},"end":{"line":543,"column":292}},"280":{"start":{"line":544,"column":2},"end":{"line":544,"column":57}},"281":{"start":{"line":552,"column":1},"end":{"line":565,"column":2}},"282":{"start":{"line":553,"column":2},"end":{"line":553,"column":34}},"283":{"start":{"line":554,"column":2},"end":{"line":554,"column":32}},"284":{"start":{"line":556,"column":2},"end":{"line":562,"column":3}},"285":{"start":{"line":557,"column":3},"end":{"line":557,"column":63}},"286":{"start":{"line":558,"column":9},"end":{"line":562,"column":3}},"287":{"start":{"line":559,"column":3},"end":{"line":559,"column":63}},"288":{"start":{"line":561,"column":3},"end":{"line":561,"column":45}},"289":{"start":{"line":564,"column":2},"end":{"line":564,"column":14}},"290":{"start":{"line":572,"column":1},"end":{"line":581,"column":2}},"291":{"start":{"line":573,"column":2},"end":{"line":578,"column":3}},"292":{"start":{"line":574,"column":3},"end":{"line":577,"column":4}},"293":{"start":{"line":575,"column":4},"end":{"line":575,"column":67}},"294":{"start":{"line":576,"column":4},"end":{"line":576,"column":63}},"295":{"start":{"line":580,"column":2},"end":{"line":580,"column":16}},"296":{"start":{"line":584,"column":1},"end":{"line":587,"column":2}},"297":{"start":{"line":585,"column":2},"end":{"line":585,"column":21}},"298":{"start":{"line":586,"column":2},"end":{"line":586,"column":27}},"299":{"start":{"line":590,"column":1},"end":{"line":595,"column":2}},"300":{"start":{"line":591,"column":2},"end":{"line":591,"column":21}},"301":{"start":{"line":592,"column":2},"end":{"line":593,"column":64}},"302":{"start":{"line":592,"column":47},"end":{"line":592,"column":56}},"303":{"start":{"line":593,"column":7},"end":{"line":593,"column":64}},"304":{"start":{"line":593,"column":52},"end":{"line":593,"column":62}},"305":{"start":{"line":594,"column":2},"end":{"line":594,"column":11}},"306":{"start":{"line":598,"column":1},"end":{"line":617,"column":3}},"307":{"start":{"line":602,"column":3},"end":{"line":602,"column":50}},"308":{"start":{"line":603,"column":3},"end":{"line":603,"column":51}},"309":{"start":{"line":605,"column":3},"end":{"line":605,"column":46}},"310":{"start":{"line":606,"column":3},"end":{"line":606,"column":55}},"311":{"start":{"line":607,"column":3},"end":{"line":607,"column":42}},"312":{"start":{"line":609,"column":3},"end":{"line":609,"column":25}},"313":{"start":{"line":612,"column":3},"end":{"line":612,"column":35}},"314":{"start":{"line":615,"column":3},"end":{"line":615,"column":27}},"315":{"start":{"line":619,"column":1},"end":{"line":629,"column":2}},"316":{"start":{"line":620,"column":2},"end":{"line":622,"column":8}},"317":{"start":{"line":624,"column":2},"end":{"line":628,"column":3}},"318":{"start":{"line":625,"column":3},"end":{"line":625,"column":27}},"319":{"start":{"line":626,"column":3},"end":{"line":626,"column":87}},"320":{"start":{"line":627,"column":3},"end":{"line":627,"column":49}},"321":{"start":{"line":631,"column":1},"end":{"line":631,"column":44}}},"branchMap":{"1":{"line":22,"type":"if","locations":[{"start":{"line":22,"column":2},"end":{"line":22,"column":2}},{"start":{"line":22,"column":2},"end":{"line":22,"column":2}}]},"2":{"line":22,"type":"binary-expr","locations":[{"start":{"line":22,"column":6},"end":{"line":22,"column":18}},{"start":{"line":22,"column":22},"end":{"line":22,"column":54}}]},"3":{"line":38,"type":"if","locations":[{"start":{"line":38,"column":2},"end":{"line":38,"column":2}},{"start":{"line":38,"column":2},"end":{"line":38,"column":2}}]},"4":{"line":58,"type":"if","locations":[{"start":{"line":58,"column":3},"end":{"line":58,"column":3}},{"start":{"line":58,"column":3},"end":{"line":58,"column":3}}]},"5":{"line":60,"type":"if","locations":[{"start":{"line":60,"column":3},"end":{"line":60,"column":3}},{"start":{"line":60,"column":3},"end":{"line":60,"column":3}}]},"6":{"line":80,"type":"if","locations":[{"start":{"line":80,"column":4},"end":{"line":80,"column":4}},{"start":{"line":80,"column":4},"end":{"line":80,"column":4}}]},"7":{"line":85,"type":"if","locations":[{"start":{"line":85,"column":5},"end":{"line":85,"column":5}},{"start":{"line":85,"column":5},"end":{"line":85,"column":5}}]},"8":{"line":91,"type":"if","locations":[{"start":{"line":91,"column":4},"end":{"line":91,"column":4}},{"start":{"line":91,"column":4},"end":{"line":91,"column":4}}]},"9":{"line":142,"type":"if","locations":[{"start":{"line":142,"column":2},"end":{"line":142,"column":2}},{"start":{"line":142,"column":2},"end":{"line":142,"column":2}}]},"10":{"line":152,"type":"binary-expr","locations":[{"start":{"line":152,"column":20},"end":{"line":152,"column":29}},{"start":{"line":152,"column":33},"end":{"line":152,"column":35}}]},"11":{"line":184,"type":"cond-expr","locations":[{"start":{"line":184,"column":40},"end":{"line":184,"column":55}},{"start":{"line":184,"column":58},"end":{"line":184,"column":69}}]},"12":{"line":222,"type":"if","locations":[{"start":{"line":222,"column":5},"end":{"line":222,"column":5}},{"start":{"line":222,"column":5},"end":{"line":222,"column":5}}]},"13":{"line":222,"type":"binary-expr","locations":[{"start":{"line":222,"column":9},"end":{"line":222,"column":61}},{"start":{"line":222,"column":65},"end":{"line":222,"column":118}}]},"14":{"line":238,"type":"cond-expr","locations":[{"start":{"line":238,"column":21},"end":{"line":238,"column":38}},{"start":{"line":238,"column":41},"end":{"line":238,"column":42}}]},"15":{"line":244,"type":"if","locations":[{"start":{"line":244,"column":3},"end":{"line":244,"column":3}},{"start":{"line":244,"column":3},"end":{"line":244,"column":3}}]},"16":{"line":277,"type":"if","locations":[{"start":{"line":277,"column":3},"end":{"line":277,"column":3}},{"start":{"line":277,"column":3},"end":{"line":277,"column":3}}]},"17":{"line":283,"type":"if","locations":[{"start":{"line":283,"column":3},"end":{"line":283,"column":3}},{"start":{"line":283,"column":3},"end":{"line":283,"column":3}}]},"18":{"line":297,"type":"if","locations":[{"start":{"line":297,"column":3},"end":{"line":297,"column":3}},{"start":{"line":297,"column":3},"end":{"line":297,"column":3}}]},"19":{"line":305,"type":"cond-expr","locations":[{"start":{"line":305,"column":83},"end":{"line":305,"column":102}},{"start":{"line":305,"column":105},"end":{"line":305,"column":125}}]},"20":{"line":312,"type":"if","locations":[{"start":{"line":312,"column":3},"end":{"line":312,"column":3}},{"start":{"line":312,"column":3},"end":{"line":312,"column":3}}]},"21":{"line":317,"type":"if","locations":[{"start":{"line":317,"column":5},"end":{"line":317,"column":5}},{"start":{"line":317,"column":5},"end":{"line":317,"column":5}}]},"22":{"line":349,"type":"if","locations":[{"start":{"line":349,"column":3},"end":{"line":349,"column":3}},{"start":{"line":349,"column":3},"end":{"line":349,"column":3}}]},"23":{"line":360,"type":"switch","locations":[{"start":{"line":361,"column":3},"end":{"line":366,"column":9}},{"start":{"line":367,"column":3},"end":{"line":372,"column":9}},{"start":{"line":373,"column":3},"end":{"line":378,"column":9}},{"start":{"line":379,"column":3},"end":{"line":384,"column":9}},{"start":{"line":385,"column":3},"end":{"line":391,"column":9}}]},"24":{"line":413,"type":"if","locations":[{"start":{"line":413,"column":3},"end":{"line":413,"column":3}},{"start":{"line":413,"column":3},"end":{"line":413,"column":3}}]},"25":{"line":416,"type":"if","locations":[{"start":{"line":416,"column":8},"end":{"line":416,"column":8}},{"start":{"line":416,"column":8},"end":{"line":416,"column":8}}]},"26":{"line":453,"type":"if","locations":[{"start":{"line":453,"column":2},"end":{"line":453,"column":2}},{"start":{"line":453,"column":2},"end":{"line":453,"column":2}}]},"27":{"line":465,"type":"if","locations":[{"start":{"line":465,"column":3},"end":{"line":465,"column":3}},{"start":{"line":465,"column":3},"end":{"line":465,"column":3}}]},"28":{"line":465,"type":"binary-expr","locations":[{"start":{"line":465,"column":7},"end":{"line":465,"column":45}},{"start":{"line":465,"column":49},"end":{"line":465,"column":83}}]},"29":{"line":488,"type":"if","locations":[{"start":{"line":488,"column":2},"end":{"line":488,"column":2}},{"start":{"line":488,"column":2},"end":{"line":488,"column":2}}]},"30":{"line":491,"type":"if","locations":[{"start":{"line":491,"column":3},"end":{"line":491,"column":3}},{"start":{"line":491,"column":3},"end":{"line":491,"column":3}}]},"31":{"line":500,"type":"binary-expr","locations":[{"start":{"line":500,"column":41},"end":{"line":500,"column":44}},{"start":{"line":500,"column":48},"end":{"line":500,"column":49}}]},"32":{"line":503,"type":"if","locations":[{"start":{"line":503,"column":3},"end":{"line":503,"column":3}},{"start":{"line":503,"column":3},"end":{"line":503,"column":3}}]},"33":{"line":503,"type":"binary-expr","locations":[{"start":{"line":503,"column":7},"end":{"line":503,"column":44}},{"start":{"line":503,"column":48},"end":{"line":503,"column":84}}]},"34":{"line":510,"type":"if","locations":[{"start":{"line":510,"column":3},"end":{"line":510,"column":3}},{"start":{"line":510,"column":3},"end":{"line":510,"column":3}}]},"35":{"line":510,"type":"binary-expr","locations":[{"start":{"line":510,"column":7},"end":{"line":510,"column":50}},{"start":{"line":510,"column":54},"end":{"line":510,"column":91}}]},"36":{"line":515,"type":"if","locations":[{"start":{"line":515,"column":3},"end":{"line":515,"column":3}},{"start":{"line":515,"column":3},"end":{"line":515,"column":3}}]},"37":{"line":515,"type":"binary-expr","locations":[{"start":{"line":515,"column":7},"end":{"line":515,"column":50}},{"start":{"line":515,"column":54},"end":{"line":515,"column":90}}]},"38":{"line":520,"type":"if","locations":[{"start":{"line":520,"column":3},"end":{"line":520,"column":3}},{"start":{"line":520,"column":3},"end":{"line":520,"column":3}}]},"39":{"line":523,"type":"if","locations":[{"start":{"line":523,"column":8},"end":{"line":523,"column":8}},{"start":{"line":523,"column":8},"end":{"line":523,"column":8}}]},"40":{"line":556,"type":"if","locations":[{"start":{"line":556,"column":2},"end":{"line":556,"column":2}},{"start":{"line":556,"column":2},"end":{"line":556,"column":2}}]},"41":{"line":558,"type":"if","locations":[{"start":{"line":558,"column":9},"end":{"line":558,"column":9}},{"start":{"line":558,"column":9},"end":{"line":558,"column":9}}]},"42":{"line":574,"type":"if","locations":[{"start":{"line":574,"column":3},"end":{"line":574,"column":3}},{"start":{"line":574,"column":3},"end":{"line":574,"column":3}}]},"43":{"line":592,"type":"if","locations":[{"start":{"line":592,"column":2},"end":{"line":592,"column":2}},{"start":{"line":592,"column":2},"end":{"line":592,"column":2}}]},"44":{"line":593,"type":"if","locations":[{"start":{"line":593,"column":7},"end":{"line":593,"column":7}},{"start":{"line":593,"column":7},"end":{"line":593,"column":7}}]}}}}