{"/Users/priscila/MaterialCalendar/public/content/js/material-calendar.js":{"path":"/Users/priscila/MaterialCalendar/public/content/js/material-calendar.js","s":{"1":1,"2":1,"3":0,"4":0,"5":0,"6":0,"7":0,"8":0,"9":0,"10":0,"11":0,"12":0,"13":0,"14":1,"15":0,"16":0,"17":0,"18":1,"19":0,"20":0,"21":0,"22":0,"23":0,"24":0,"25":0,"26":0,"27":0,"28":0,"29":0,"30":0,"31":0,"32":0,"33":0,"34":0,"35":0,"36":0,"37":0,"38":0,"39":0,"40":0,"41":0,"42":0,"43":0,"44":0,"45":0,"46":1,"47":0,"48":1,"49":0,"50":0,"51":0,"52":0,"53":0,"54":0,"55":0,"56":0,"57":0,"58":0,"59":0,"60":0,"61":0,"62":0,"63":0,"64":0,"65":0,"66":0,"67":0,"68":0,"69":0,"70":0,"71":0,"72":0,"73":0,"74":0,"75":0,"76":0,"77":0,"78":0,"79":0,"80":0,"81":0,"82":0,"83":0,"84":0,"85":0,"86":0,"87":0,"88":0,"89":0,"90":0,"91":0,"92":0,"93":0,"94":0,"95":0,"96":0,"97":0,"98":0,"99":0,"100":0,"101":0,"102":0,"103":0,"104":0,"105":0,"106":0,"107":0,"108":0,"109":0,"110":0,"111":0,"112":0,"113":0,"114":0,"115":0,"116":0,"117":0,"118":0,"119":0,"120":0,"121":0,"122":0,"123":0,"124":0,"125":0,"126":0,"127":0,"128":0,"129":0,"130":0,"131":0,"132":0,"133":0,"134":0,"135":0,"136":1,"137":0,"138":0,"139":0,"140":0,"141":0,"142":0,"143":0,"144":0,"145":0,"146":0,"147":0,"148":0,"149":0,"150":0,"151":0,"152":0,"153":0,"154":0,"155":0,"156":0,"157":0,"158":0,"159":0,"160":0,"161":0,"162":0,"163":0,"164":0,"165":0,"166":0,"167":0,"168":0,"169":0,"170":0,"171":0,"172":0,"173":0,"174":1,"175":0,"176":0,"177":0,"178":0,"179":1,"180":0,"181":0,"182":0,"183":0,"184":1,"185":0,"186":0,"187":0,"188":0,"189":0,"190":0,"191":0,"192":0,"193":0,"194":0,"195":0,"196":0,"197":0,"198":1,"199":0,"200":0,"201":0,"202":0,"203":1,"204":0,"205":0,"206":0,"207":0,"208":0,"209":0,"210":0,"211":1,"212":0,"213":0,"214":0,"215":0,"216":0,"217":0,"218":0,"219":0,"220":0,"221":0,"222":1,"223":0,"224":0,"225":0,"226":0,"227":0,"228":0,"229":0,"230":0,"231":0,"232":0,"233":0,"234":0,"235":0,"236":0,"237":1,"238":0,"239":0,"240":0,"241":0,"242":0,"243":0,"244":0,"245":0,"246":0,"247":0,"248":0,"249":0,"250":0,"251":0,"252":0,"253":0,"254":0,"255":0,"256":0,"257":1,"258":0,"259":0,"260":1,"261":0,"262":0,"263":0,"264":0,"265":0,"266":0,"267":0,"268":1,"269":0,"270":0,"271":0,"272":0,"273":1,"274":0,"275":0,"276":1,"277":0,"278":0,"279":0,"280":0,"281":0,"282":0,"283":1,"284":0,"285":0,"286":0,"287":0,"288":0,"289":0,"290":0,"291":0,"292":1},"b":{"1":[0,0],"2":[0,0],"3":[0,0],"4":[0,0],"5":[0,0],"6":[0,0],"7":[0,0],"8":[0,0],"9":[0,0],"10":[0,0],"11":[0,0],"12":[0,0],"13":[0,0],"14":[0,0],"15":[0,0],"16":[0,0],"17":[0,0],"18":[0,0],"19":[0,0,0,0,0],"20":[0,0],"21":[0,0],"22":[0,0],"23":[0,0],"24":[0,0],"25":[0,0],"26":[0,0],"27":[0,0],"28":[0,0],"29":[0,0],"30":[0,0],"31":[0,0]},"f":{"1":1,"2":0,"3":0,"4":0,"5":0,"6":0,"7":0,"8":0,"9":0,"10":0,"11":0,"12":0,"13":0,"14":0,"15":0,"16":0,"17":0,"18":0,"19":0,"20":0,"21":0,"22":0,"23":0,"24":0,"25":0,"26":0},"fnMap":{"1":{"name":"(anonymous_1)","line":3,"loc":{"start":{"line":3,"column":1},"end":{"line":3,"column":18}}},"2":{"name":"MaterialCalendar","line":6,"loc":{"start":{"line":6,"column":1},"end":{"line":6,"column":29}}},"3":{"name":"(anonymous_3)","line":30,"loc":{"start":{"line":30,"column":49},"end":{"line":30,"column":64}}},"4":{"name":"(anonymous_4)","line":35,"loc":{"start":{"line":35,"column":45},"end":{"line":35,"column":56}}},"5":{"name":"(anonymous_5)","line":42,"loc":{"start":{"line":42,"column":40},"end":{"line":42,"column":54}}},"6":{"name":"(anonymous_6)","line":76,"loc":{"start":{"line":76,"column":32},"end":{"line":76,"column":43}}},"7":{"name":"(anonymous_7)","line":87,"loc":{"start":{"line":87,"column":21},"end":{"line":87,"column":35}}},"8":{"name":"(anonymous_8)","line":97,"loc":{"start":{"line":97,"column":38},"end":{"line":97,"column":49}}},"9":{"name":"build","line":102,"loc":{"start":{"line":102,"column":1},"end":{"line":102,"column":34}}},"10":{"name":"markEvents","line":261,"loc":{"start":{"line":261,"column":1},"end":{"line":261,"column":53}}},"11":{"name":"updateRange","line":326,"loc":{"start":{"line":326,"column":1},"end":{"line":326,"column":29}}},"12":{"name":"getConfiguration","line":336,"loc":{"start":{"line":336,"column":1},"end":{"line":336,"column":47}}},"13":{"name":"convertDate","line":346,"loc":{"start":{"line":346,"column":1},"end":{"line":346,"column":46}}},"14":{"name":"getTitle","line":386,"loc":{"start":{"line":386,"column":1},"end":{"line":386,"column":36}}},"15":{"name":"getMonths","line":396,"loc":{"start":{"line":396,"column":1},"end":{"line":396,"column":50}}},"16":{"name":"getGroupTitle","line":412,"loc":{"start":{"line":412,"column":1},"end":{"line":412,"column":55}}},"17":{"name":"getWeeks","line":425,"loc":{"start":{"line":425,"column":1},"end":{"line":425,"column":60}}},"18":{"name":"calcEventPositionAndWidth","line":468,"loc":{"start":{"line":468,"column":1},"end":{"line":468,"column":100}}},"19":{"name":"removeSpecialChars","line":512,"loc":{"start":{"line":512,"column":1},"end":{"line":512,"column":37}}},"20":{"name":"convertStringToDate","line":522,"loc":{"start":{"line":522,"column":1},"end":{"line":522,"column":44}}},"21":{"name":"convertEventsDate","line":540,"loc":{"start":{"line":540,"column":1},"end":{"line":540,"column":44}}},"22":{"name":"sortJsonByName","line":550,"loc":{"start":{"line":550,"column":1},"end":{"line":550,"column":31}}},"23":{"name":"sortJsonByStartDate","line":556,"loc":{"start":{"line":556,"column":1},"end":{"line":556,"column":36}}},"24":{"name":"(anonymous_24)","line":567,"loc":{"start":{"line":567,"column":10},"end":{"line":567,"column":21}}},"25":{"name":"(anonymous_25)","line":577,"loc":{"start":{"line":577,"column":10},"end":{"line":577,"column":21}}},"26":{"name":"(anonymous_26)","line":580,"loc":{"start":{"line":580,"column":10},"end":{"line":580,"column":21}}}},"statementMap":{"1":{"start":{"line":3,"column":0},"end":{"line":586,"column":9}},"2":{"start":{"line":6,"column":1},"end":{"line":33,"column":2}},"3":{"start":{"line":7,"column":2},"end":{"line":7,"column":23}},"4":{"start":{"line":8,"column":2},"end":{"line":10,"column":4}},"5":{"start":{"line":13,"column":2},"end":{"line":18,"column":4}},"6":{"start":{"line":21,"column":2},"end":{"line":25,"column":3}},"7":{"start":{"line":22,"column":3},"end":{"line":22,"column":59}},"8":{"start":{"line":24,"column":3},"end":{"line":24,"column":27}},"9":{"start":{"line":28,"column":2},"end":{"line":28,"column":55}},"10":{"start":{"line":29,"column":2},"end":{"line":29,"column":76}},"11":{"start":{"line":30,"column":2},"end":{"line":30,"column":83}},"12":{"start":{"line":30,"column":66},"end":{"line":30,"column":79}},"13":{"start":{"line":32,"column":2},"end":{"line":32,"column":24}},"14":{"start":{"line":35,"column":1},"end":{"line":40,"column":3}},"15":{"start":{"line":36,"column":2},"end":{"line":36,"column":14}},"16":{"start":{"line":37,"column":2},"end":{"line":39,"column":3}},"17":{"start":{"line":38,"column":3},"end":{"line":38,"column":49}},"18":{"start":{"line":42,"column":1},"end":{"line":95,"column":3}},"19":{"start":{"line":44,"column":2},"end":{"line":49,"column":6}},"20":{"start":{"line":52,"column":2},"end":{"line":52,"column":40}},"21":{"start":{"line":54,"column":2},"end":{"line":54,"column":33}},"22":{"start":{"line":56,"column":2},"end":{"line":94,"column":3}},"23":{"start":{"line":57,"column":3},"end":{"line":57,"column":44}},"24":{"start":{"line":57,"column":25},"end":{"line":57,"column":42}},"25":{"start":{"line":59,"column":3},"end":{"line":67,"column":4}},"26":{"start":{"line":60,"column":4},"end":{"line":62,"column":5}},"27":{"start":{"line":61,"column":5},"end":{"line":61,"column":45}},"28":{"start":{"line":64,"column":4},"end":{"line":64,"column":42}},"29":{"start":{"line":66,"column":4},"end":{"line":66,"column":35}},"30":{"start":{"line":69,"column":3},"end":{"line":69,"column":32}},"31":{"start":{"line":70,"column":3},"end":{"line":70,"column":18}},"32":{"start":{"line":72,"column":3},"end":{"line":72,"column":20}},"33":{"start":{"line":74,"column":3},"end":{"line":74,"column":76}},"34":{"start":{"line":76,"column":3},"end":{"line":85,"column":5}},"35":{"start":{"line":77,"column":4},"end":{"line":77,"column":21}},"36":{"start":{"line":79,"column":4},"end":{"line":84,"column":5}},"37":{"start":{"line":80,"column":5},"end":{"line":80,"column":70}},"38":{"start":{"line":81,"column":5},"end":{"line":81,"column":22}},"39":{"start":{"line":83,"column":5},"end":{"line":83,"column":40}},"40":{"start":{"line":83,"column":24},"end":{"line":83,"column":38}},"41":{"start":{"line":87,"column":3},"end":{"line":90,"column":5}},"42":{"start":{"line":88,"column":4},"end":{"line":88,"column":21}},"43":{"start":{"line":89,"column":4},"end":{"line":89,"column":35}},"44":{"start":{"line":89,"column":21},"end":{"line":89,"column":33}},"45":{"start":{"line":93,"column":3},"end":{"line":93,"column":24}},"46":{"start":{"line":97,"column":1},"end":{"line":99,"column":3}},"47":{"start":{"line":98,"column":2},"end":{"line":98,"column":25}},"48":{"start":{"line":102,"column":1},"end":{"line":258,"column":2}},"49":{"start":{"line":103,"column":2},"end":{"line":108,"column":36}},"50":{"start":{"line":111,"column":2},"end":{"line":111,"column":64}},"51":{"start":{"line":112,"column":2},"end":{"line":112,"column":87}},"52":{"start":{"line":115,"column":2},"end":{"line":115,"column":44}},"53":{"start":{"line":116,"column":2},"end":{"line":116,"column":48}},"54":{"start":{"line":117,"column":2},"end":{"line":117,"column":45}},"55":{"start":{"line":118,"column":2},"end":{"line":118,"column":81}},"56":{"start":{"line":119,"column":2},"end":{"line":119,"column":34}},"57":{"start":{"line":120,"column":2},"end":{"line":120,"column":48}},"58":{"start":{"line":123,"column":2},"end":{"line":123,"column":43}},"59":{"start":{"line":124,"column":2},"end":{"line":124,"column":44}},"60":{"start":{"line":127,"column":2},"end":{"line":127,"column":42}},"61":{"start":{"line":128,"column":2},"end":{"line":128,"column":37}},"62":{"start":{"line":131,"column":2},"end":{"line":131,"column":42}},"63":{"start":{"line":132,"column":2},"end":{"line":132,"column":36}},"64":{"start":{"line":135,"column":2},"end":{"line":135,"column":42}},"65":{"start":{"line":136,"column":2},"end":{"line":136,"column":36}},"66":{"start":{"line":140,"column":2},"end":{"line":147,"column":3}},"67":{"start":{"line":141,"column":3},"end":{"line":141,"column":49}},"68":{"start":{"line":143,"column":3},"end":{"line":143,"column":44}},"69":{"start":{"line":144,"column":3},"end":{"line":144,"column":42}},"70":{"start":{"line":145,"column":3},"end":{"line":145,"column":30}},"71":{"start":{"line":146,"column":3},"end":{"line":146,"column":34}},"72":{"start":{"line":149,"column":2},"end":{"line":149,"column":24}},"73":{"start":{"line":150,"column":2},"end":{"line":150,"column":37}},"74":{"start":{"line":154,"column":2},"end":{"line":154,"column":67}},"75":{"start":{"line":156,"column":2},"end":{"line":229,"column":3}},"76":{"start":{"line":158,"column":3},"end":{"line":158,"column":42}},"77":{"start":{"line":159,"column":3},"end":{"line":159,"column":31}},"78":{"start":{"line":160,"column":3},"end":{"line":160,"column":67}},"79":{"start":{"line":163,"column":3},"end":{"line":163,"column":34}},"80":{"start":{"line":164,"column":3},"end":{"line":164,"column":27}},"81":{"start":{"line":167,"column":3},"end":{"line":167,"column":42}},"82":{"start":{"line":168,"column":3},"end":{"line":168,"column":31}},"83":{"start":{"line":169,"column":3},"end":{"line":169,"column":31}},"84":{"start":{"line":170,"column":3},"end":{"line":170,"column":27}},"85":{"start":{"line":173,"column":3},"end":{"line":173,"column":43}},"86":{"start":{"line":174,"column":3},"end":{"line":174,"column":29}},"87":{"start":{"line":175,"column":3},"end":{"line":175,"column":47}},"88":{"start":{"line":176,"column":3},"end":{"line":176,"column":32}},"89":{"start":{"line":177,"column":3},"end":{"line":177,"column":30}},"90":{"start":{"line":180,"column":3},"end":{"line":180,"column":44}},"91":{"start":{"line":181,"column":3},"end":{"line":181,"column":44}},"92":{"start":{"line":184,"column":3},"end":{"line":184,"column":87}},"93":{"start":{"line":186,"column":3},"end":{"line":186,"column":45}},"94":{"start":{"line":187,"column":3},"end":{"line":187,"column":34}},"95":{"start":{"line":190,"column":3},"end":{"line":190,"column":47}},"96":{"start":{"line":191,"column":3},"end":{"line":191,"column":33}},"97":{"start":{"line":192,"column":3},"end":{"line":192,"column":37}},"98":{"start":{"line":194,"column":3},"end":{"line":194,"column":44}},"99":{"start":{"line":195,"column":3},"end":{"line":195,"column":61}},"100":{"start":{"line":197,"column":3},"end":{"line":225,"column":4}},"101":{"start":{"line":199,"column":4},"end":{"line":199,"column":42}},"102":{"start":{"line":200,"column":4},"end":{"line":200,"column":56}},"103":{"start":{"line":201,"column":4},"end":{"line":201,"column":34}},"104":{"start":{"line":204,"column":4},"end":{"line":204,"column":45}},"105":{"start":{"line":205,"column":4},"end":{"line":205,"column":33}},"106":{"start":{"line":206,"column":4},"end":{"line":206,"column":53}},"107":{"start":{"line":209,"column":4},"end":{"line":209,"column":47}},"108":{"start":{"line":210,"column":4},"end":{"line":210,"column":32}},"109":{"start":{"line":211,"column":4},"end":{"line":211,"column":45}},"110":{"start":{"line":212,"column":4},"end":{"line":212,"column":33}},"111":{"start":{"line":214,"column":4},"end":{"line":214,"column":36}},"112":{"start":{"line":216,"column":4},"end":{"line":221,"column":5}},"113":{"start":{"line":217,"column":5},"end":{"line":217,"column":45}},"114":{"start":{"line":218,"column":5},"end":{"line":218,"column":32}},"115":{"start":{"line":219,"column":5},"end":{"line":219,"column":136}},"116":{"start":{"line":220,"column":5},"end":{"line":220,"column":59}},"117":{"start":{"line":223,"column":4},"end":{"line":223,"column":36}},"118":{"start":{"line":224,"column":4},"end":{"line":224,"column":58}},"119":{"start":{"line":227,"column":3},"end":{"line":227,"column":30}},"120":{"start":{"line":228,"column":3},"end":{"line":228,"column":64}},"121":{"start":{"line":232,"column":2},"end":{"line":232,"column":43}},"122":{"start":{"line":233,"column":2},"end":{"line":247,"column":3}},"123":{"start":{"line":234,"column":3},"end":{"line":234,"column":37}},"124":{"start":{"line":235,"column":3},"end":{"line":235,"column":25}},"125":{"start":{"line":238,"column":3},"end":{"line":241,"column":4}},"126":{"start":{"line":239,"column":4},"end":{"line":239,"column":58}},"127":{"start":{"line":240,"column":4},"end":{"line":240,"column":69}},"128":{"start":{"line":243,"column":3},"end":{"line":246,"column":4}},"129":{"start":{"line":244,"column":4},"end":{"line":244,"column":47}},"130":{"start":{"line":245,"column":4},"end":{"line":245,"column":28}},"131":{"start":{"line":249,"column":2},"end":{"line":249,"column":27}},"132":{"start":{"line":250,"column":2},"end":{"line":250,"column":27}},"133":{"start":{"line":253,"column":2},"end":{"line":253,"column":26}},"134":{"start":{"line":254,"column":2},"end":{"line":254,"column":46}},"135":{"start":{"line":257,"column":2},"end":{"line":257,"column":79}},"136":{"start":{"line":261,"column":1},"end":{"line":323,"column":2}},"137":{"start":{"line":262,"column":2},"end":{"line":262,"column":100}},"138":{"start":{"line":264,"column":2},"end":{"line":264,"column":66}},"139":{"start":{"line":265,"column":2},"end":{"line":265,"column":44}},"140":{"start":{"line":266,"column":2},"end":{"line":266,"column":39}},"141":{"start":{"line":268,"column":2},"end":{"line":322,"column":3}},"142":{"start":{"line":269,"column":3},"end":{"line":271,"column":4}},"143":{"start":{"line":270,"column":4},"end":{"line":270,"column":56}},"144":{"start":{"line":273,"column":3},"end":{"line":275,"column":4}},"145":{"start":{"line":274,"column":4},"end":{"line":274,"column":52}},"146":{"start":{"line":277,"column":3},"end":{"line":277,"column":62}},"147":{"start":{"line":278,"column":3},"end":{"line":278,"column":68}},"148":{"start":{"line":280,"column":3},"end":{"line":280,"column":94}},"149":{"start":{"line":281,"column":3},"end":{"line":281,"column":67}},"150":{"start":{"line":284,"column":3},"end":{"line":284,"column":54}},"151":{"start":{"line":285,"column":3},"end":{"line":285,"column":56}},"152":{"start":{"line":288,"column":3},"end":{"line":288,"column":45}},"153":{"start":{"line":289,"column":3},"end":{"line":289,"column":52}},"154":{"start":{"line":290,"column":3},"end":{"line":290,"column":58}},"155":{"start":{"line":291,"column":3},"end":{"line":291,"column":115}},"156":{"start":{"line":294,"column":3},"end":{"line":294,"column":42}},"157":{"start":{"line":295,"column":3},"end":{"line":295,"column":45}},"158":{"start":{"line":298,"column":3},"end":{"line":319,"column":4}},"159":{"start":{"line":299,"column":4},"end":{"line":318,"column":5}},"160":{"start":{"line":300,"column":5},"end":{"line":300,"column":59}},"161":{"start":{"line":301,"column":5},"end":{"line":301,"column":60}},"162":{"start":{"line":303,"column":5},"end":{"line":315,"column":6}},"163":{"start":{"line":304,"column":6},"end":{"line":304,"column":50}},"164":{"start":{"line":305,"column":6},"end":{"line":305,"column":58}},"165":{"start":{"line":306,"column":6},"end":{"line":306,"column":70}},"166":{"start":{"line":307,"column":6},"end":{"line":307,"column":65}},"167":{"start":{"line":308,"column":6},"end":{"line":308,"column":88}},"168":{"start":{"line":310,"column":6},"end":{"line":310,"column":51}},"169":{"start":{"line":312,"column":6},"end":{"line":312,"column":51}},"170":{"start":{"line":313,"column":6},"end":{"line":313,"column":58}},"171":{"start":{"line":314,"column":6},"end":{"line":314,"column":92}},"172":{"start":{"line":317,"column":5},"end":{"line":317,"column":51}},"173":{"start":{"line":321,"column":3},"end":{"line":321,"column":140}},"174":{"start":{"line":326,"column":1},"end":{"line":334,"column":2}},"175":{"start":{"line":327,"column":2},"end":{"line":328,"column":29}},"176":{"start":{"line":330,"column":2},"end":{"line":330,"column":50}},"177":{"start":{"line":331,"column":2},"end":{"line":331,"column":42}},"178":{"start":{"line":333,"column":2},"end":{"line":333,"column":15}},"179":{"start":{"line":336,"column":1},"end":{"line":344,"column":2}},"180":{"start":{"line":337,"column":2},"end":{"line":341,"column":3}},"181":{"start":{"line":338,"column":3},"end":{"line":340,"column":4}},"182":{"start":{"line":339,"column":4},"end":{"line":339,"column":36}},"183":{"start":{"line":343,"column":2},"end":{"line":343,"column":16}},"184":{"start":{"line":346,"column":1},"end":{"line":384,"column":2}},"185":{"start":{"line":347,"column":2},"end":{"line":347,"column":14}},"186":{"start":{"line":349,"column":2},"end":{"line":381,"column":3}},"187":{"start":{"line":351,"column":4},"end":{"line":354,"column":6}},"188":{"start":{"line":355,"column":3},"end":{"line":355,"column":9}},"189":{"start":{"line":357,"column":4},"end":{"line":360,"column":6}},"190":{"start":{"line":361,"column":3},"end":{"line":361,"column":9}},"191":{"start":{"line":363,"column":4},"end":{"line":366,"column":6}},"192":{"start":{"line":367,"column":3},"end":{"line":367,"column":9}},"193":{"start":{"line":369,"column":4},"end":{"line":372,"column":6}},"194":{"start":{"line":373,"column":3},"end":{"line":373,"column":9}},"195":{"start":{"line":375,"column":4},"end":{"line":379,"column":6}},"196":{"start":{"line":380,"column":3},"end":{"line":380,"column":9}},"197":{"start":{"line":383,"column":2},"end":{"line":383,"column":17}},"198":{"start":{"line":386,"column":1},"end":{"line":394,"column":2}},"199":{"start":{"line":387,"column":2},"end":{"line":387,"column":41}},"200":{"start":{"line":389,"column":2},"end":{"line":391,"column":3}},"201":{"start":{"line":390,"column":3},"end":{"line":390,"column":63}},"202":{"start":{"line":393,"column":2},"end":{"line":393,"column":41}},"203":{"start":{"line":396,"column":1},"end":{"line":410,"column":2}},"204":{"start":{"line":397,"column":2},"end":{"line":399,"column":36}},"205":{"start":{"line":401,"column":2},"end":{"line":407,"column":35}},"206":{"start":{"line":402,"column":3},"end":{"line":402,"column":39}},"207":{"start":{"line":403,"column":3},"end":{"line":403,"column":69}},"208":{"start":{"line":405,"column":3},"end":{"line":405,"column":76}},"209":{"start":{"line":406,"column":3},"end":{"line":406,"column":64}},"210":{"start":{"line":409,"column":2},"end":{"line":409,"column":16}},"211":{"start":{"line":412,"column":1},"end":{"line":423,"column":2}},"212":{"start":{"line":413,"column":2},"end":{"line":413,"column":41}},"213":{"start":{"line":414,"column":2},"end":{"line":414,"column":29}},"214":{"start":{"line":415,"column":2},"end":{"line":415,"column":37}},"215":{"start":{"line":416,"column":2},"end":{"line":416,"column":55}},"216":{"start":{"line":417,"column":2},"end":{"line":417,"column":24}},"217":{"start":{"line":418,"column":2},"end":{"line":418,"column":37}},"218":{"start":{"line":419,"column":2},"end":{"line":419,"column":50}},"219":{"start":{"line":420,"column":2},"end":{"line":420,"column":25}},"220":{"start":{"line":421,"column":2},"end":{"line":421,"column":28}},"221":{"start":{"line":422,"column":2},"end":{"line":422,"column":26}},"222":{"start":{"line":425,"column":1},"end":{"line":457,"column":2}},"223":{"start":{"line":426,"column":2},"end":{"line":434,"column":5}},"224":{"start":{"line":436,"column":2},"end":{"line":436,"column":27}},"225":{"start":{"line":437,"column":2},"end":{"line":454,"column":3}},"226":{"start":{"line":440,"column":3},"end":{"line":442,"column":4}},"227":{"start":{"line":441,"column":4},"end":{"line":441,"column":37}},"228":{"start":{"line":444,"column":3},"end":{"line":449,"column":4}},"229":{"start":{"line":445,"column":4},"end":{"line":445,"column":54}},"230":{"start":{"line":446,"column":4},"end":{"line":446,"column":38}},"231":{"start":{"line":448,"column":4},"end":{"line":448,"column":43}},"232":{"start":{"line":448,"column":35},"end":{"line":448,"column":41}},"233":{"start":{"line":451,"column":3},"end":{"line":451,"column":52}},"234":{"start":{"line":452,"column":3},"end":{"line":452,"column":55}},"235":{"start":{"line":453,"column":3},"end":{"line":453,"column":36}},"236":{"start":{"line":456,"column":2},"end":{"line":456,"column":15}},"237":{"start":{"line":468,"column":1},"end":{"line":509,"column":2}},"238":{"start":{"line":469,"column":2},"end":{"line":473,"column":35}},"239":{"start":{"line":476,"column":2},"end":{"line":480,"column":3}},"240":{"start":{"line":477,"column":3},"end":{"line":477,"column":61}},"241":{"start":{"line":478,"column":3},"end":{"line":478,"column":13}},"242":{"start":{"line":479,"column":3},"end":{"line":479,"column":42}},"243":{"start":{"line":484,"column":2},"end":{"line":506,"column":3}},"244":{"start":{"line":485,"column":3},"end":{"line":487,"column":4}},"245":{"start":{"line":486,"column":4},"end":{"line":486,"column":35}},"246":{"start":{"line":489,"column":3},"end":{"line":491,"column":4}},"247":{"start":{"line":490,"column":4},"end":{"line":490,"column":34}},"248":{"start":{"line":493,"column":3},"end":{"line":498,"column":4}},"249":{"start":{"line":494,"column":4},"end":{"line":494,"column":36}},"250":{"start":{"line":497,"column":4},"end":{"line":497,"column":48}},"251":{"start":{"line":500,"column":3},"end":{"line":500,"column":46}},"252":{"start":{"line":502,"column":3},"end":{"line":502,"column":31}},"253":{"start":{"line":503,"column":3},"end":{"line":503,"column":39}},"254":{"start":{"line":504,"column":3},"end":{"line":504,"column":49}},"255":{"start":{"line":505,"column":3},"end":{"line":505,"column":64}},"256":{"start":{"line":508,"column":2},"end":{"line":508,"column":39}},"257":{"start":{"line":512,"column":1},"end":{"line":515,"column":2}},"258":{"start":{"line":513,"column":2},"end":{"line":513,"column":292}},"259":{"start":{"line":514,"column":2},"end":{"line":514,"column":57}},"260":{"start":{"line":522,"column":1},"end":{"line":533,"column":2}},"261":{"start":{"line":523,"column":2},"end":{"line":523,"column":34}},"262":{"start":{"line":524,"column":2},"end":{"line":530,"column":3}},"263":{"start":{"line":525,"column":3},"end":{"line":525,"column":63}},"264":{"start":{"line":526,"column":9},"end":{"line":530,"column":3}},"265":{"start":{"line":527,"column":3},"end":{"line":527,"column":63}},"266":{"start":{"line":529,"column":3},"end":{"line":529,"column":45}},"267":{"start":{"line":532,"column":2},"end":{"line":532,"column":14}},"268":{"start":{"line":540,"column":1},"end":{"line":547,"column":2}},"269":{"start":{"line":541,"column":2},"end":{"line":544,"column":3}},"270":{"start":{"line":542,"column":3},"end":{"line":542,"column":66}},"271":{"start":{"line":543,"column":3},"end":{"line":543,"column":62}},"272":{"start":{"line":546,"column":2},"end":{"line":546,"column":16}},"273":{"start":{"line":550,"column":1},"end":{"line":553,"column":2}},"274":{"start":{"line":551,"column":2},"end":{"line":551,"column":21}},"275":{"start":{"line":552,"column":2},"end":{"line":552,"column":27}},"276":{"start":{"line":556,"column":1},"end":{"line":561,"column":2}},"277":{"start":{"line":557,"column":2},"end":{"line":557,"column":21}},"278":{"start":{"line":558,"column":2},"end":{"line":559,"column":44}},"279":{"start":{"line":558,"column":27},"end":{"line":558,"column":36}},"280":{"start":{"line":559,"column":7},"end":{"line":559,"column":44}},"281":{"start":{"line":559,"column":32},"end":{"line":559,"column":42}},"282":{"start":{"line":560,"column":2},"end":{"line":560,"column":11}},"283":{"start":{"line":564,"column":1},"end":{"line":583,"column":3}},"284":{"start":{"line":568,"column":3},"end":{"line":568,"column":50}},"285":{"start":{"line":569,"column":3},"end":{"line":569,"column":51}},"286":{"start":{"line":571,"column":3},"end":{"line":571,"column":46}},"287":{"start":{"line":572,"column":3},"end":{"line":572,"column":55}},"288":{"start":{"line":573,"column":3},"end":{"line":573,"column":42}},"289":{"start":{"line":575,"column":3},"end":{"line":575,"column":25}},"290":{"start":{"line":578,"column":3},"end":{"line":578,"column":35}},"291":{"start":{"line":581,"column":3},"end":{"line":581,"column":27}},"292":{"start":{"line":585,"column":1},"end":{"line":585,"column":44}}},"branchMap":{"1":{"line":21,"type":"if","locations":[{"start":{"line":21,"column":2},"end":{"line":21,"column":2}},{"start":{"line":21,"column":2},"end":{"line":21,"column":2}}]},"2":{"line":21,"type":"binary-expr","locations":[{"start":{"line":21,"column":6},"end":{"line":21,"column":18}},{"start":{"line":21,"column":22},"end":{"line":21,"column":54}}]},"3":{"line":37,"type":"if","locations":[{"start":{"line":37,"column":2},"end":{"line":37,"column":2}},{"start":{"line":37,"column":2},"end":{"line":37,"column":2}}]},"4":{"line":57,"type":"if","locations":[{"start":{"line":57,"column":3},"end":{"line":57,"column":3}},{"start":{"line":57,"column":3},"end":{"line":57,"column":3}}]},"5":{"line":59,"type":"if","locations":[{"start":{"line":59,"column":3},"end":{"line":59,"column":3}},{"start":{"line":59,"column":3},"end":{"line":59,"column":3}}]},"6":{"line":79,"type":"if","locations":[{"start":{"line":79,"column":4},"end":{"line":79,"column":4}},{"start":{"line":79,"column":4},"end":{"line":79,"column":4}}]},"7":{"line":83,"type":"if","locations":[{"start":{"line":83,"column":5},"end":{"line":83,"column":5}},{"start":{"line":83,"column":5},"end":{"line":83,"column":5}}]},"8":{"line":89,"type":"if","locations":[{"start":{"line":89,"column":4},"end":{"line":89,"column":4}},{"start":{"line":89,"column":4},"end":{"line":89,"column":4}}]},"9":{"line":140,"type":"if","locations":[{"start":{"line":140,"column":2},"end":{"line":140,"column":2}},{"start":{"line":140,"column":2},"end":{"line":140,"column":2}}]},"10":{"line":150,"type":"binary-expr","locations":[{"start":{"line":150,"column":20},"end":{"line":150,"column":29}},{"start":{"line":150,"column":33},"end":{"line":150,"column":35}}]},"11":{"line":232,"type":"cond-expr","locations":[{"start":{"line":232,"column":21},"end":{"line":232,"column":38}},{"start":{"line":232,"column":41},"end":{"line":232,"column":42}}]},"12":{"line":238,"type":"if","locations":[{"start":{"line":238,"column":3},"end":{"line":238,"column":3}},{"start":{"line":238,"column":3},"end":{"line":238,"column":3}}]},"13":{"line":269,"type":"if","locations":[{"start":{"line":269,"column":3},"end":{"line":269,"column":3}},{"start":{"line":269,"column":3},"end":{"line":269,"column":3}}]},"14":{"line":273,"type":"if","locations":[{"start":{"line":273,"column":3},"end":{"line":273,"column":3}},{"start":{"line":273,"column":3},"end":{"line":273,"column":3}}]},"15":{"line":291,"type":"cond-expr","locations":[{"start":{"line":291,"column":79},"end":{"line":291,"column":94}},{"start":{"line":291,"column":97},"end":{"line":291,"column":113}}]},"16":{"line":298,"type":"if","locations":[{"start":{"line":298,"column":3},"end":{"line":298,"column":3}},{"start":{"line":298,"column":3},"end":{"line":298,"column":3}}]},"17":{"line":303,"type":"if","locations":[{"start":{"line":303,"column":5},"end":{"line":303,"column":5}},{"start":{"line":303,"column":5},"end":{"line":303,"column":5}}]},"18":{"line":338,"type":"if","locations":[{"start":{"line":338,"column":3},"end":{"line":338,"column":3}},{"start":{"line":338,"column":3},"end":{"line":338,"column":3}}]},"19":{"line":349,"type":"switch","locations":[{"start":{"line":350,"column":3},"end":{"line":355,"column":9}},{"start":{"line":356,"column":3},"end":{"line":361,"column":9}},{"start":{"line":362,"column":3},"end":{"line":367,"column":9}},{"start":{"line":368,"column":3},"end":{"line":373,"column":9}},{"start":{"line":374,"column":3},"end":{"line":380,"column":9}}]},"20":{"line":444,"type":"if","locations":[{"start":{"line":444,"column":3},"end":{"line":444,"column":3}},{"start":{"line":444,"column":3},"end":{"line":444,"column":3}}]},"21":{"line":448,"type":"if","locations":[{"start":{"line":448,"column":4},"end":{"line":448,"column":4}},{"start":{"line":448,"column":4},"end":{"line":448,"column":4}}]},"22":{"line":476,"type":"if","locations":[{"start":{"line":476,"column":2},"end":{"line":476,"column":2}},{"start":{"line":476,"column":2},"end":{"line":476,"column":2}}]},"23":{"line":485,"type":"if","locations":[{"start":{"line":485,"column":3},"end":{"line":485,"column":3}},{"start":{"line":485,"column":3},"end":{"line":485,"column":3}}]},"24":{"line":485,"type":"binary-expr","locations":[{"start":{"line":485,"column":7},"end":{"line":485,"column":50}},{"start":{"line":485,"column":54},"end":{"line":485,"column":91}}]},"25":{"line":489,"type":"if","locations":[{"start":{"line":489,"column":3},"end":{"line":489,"column":3}},{"start":{"line":489,"column":3},"end":{"line":489,"column":3}}]},"26":{"line":489,"type":"binary-expr","locations":[{"start":{"line":489,"column":7},"end":{"line":489,"column":50}},{"start":{"line":489,"column":54},"end":{"line":489,"column":90}}]},"27":{"line":493,"type":"if","locations":[{"start":{"line":493,"column":3},"end":{"line":493,"column":3}},{"start":{"line":493,"column":3},"end":{"line":493,"column":3}}]},"28":{"line":524,"type":"if","locations":[{"start":{"line":524,"column":2},"end":{"line":524,"column":2}},{"start":{"line":524,"column":2},"end":{"line":524,"column":2}}]},"29":{"line":526,"type":"if","locations":[{"start":{"line":526,"column":9},"end":{"line":526,"column":9}},{"start":{"line":526,"column":9},"end":{"line":526,"column":9}}]},"30":{"line":558,"type":"if","locations":[{"start":{"line":558,"column":2},"end":{"line":558,"column":2}},{"start":{"line":558,"column":2},"end":{"line":558,"column":2}}]},"31":{"line":559,"type":"if","locations":[{"start":{"line":559,"column":7},"end":{"line":559,"column":7}},{"start":{"line":559,"column":7},"end":{"line":559,"column":7}}]}}}}