TN:
SF:/Users/priscila/MaterialCalendar/public/content/js/material-calendar.js
FN:3,(anonymous_1)
FN:6,MaterialCalendar
FN:31,(anonymous_3)
FN:36,(anonymous_4)
FN:43,(anonymous_5)
FN:77,(anonymous_6)
FN:89,(anonymous_7)
FN:99,(anonymous_8)
FN:104,build
FN:267,markEvents
FN:340,updateRange
FN:347,getConfiguration
FN:357,convertDate
FN:397,getTitle
FN:407,getMonths
FN:433,getGroupTitle
FN:446,getWeeks
FN:480,calcEventPositionAndWidth
FN:542,removeSpecialChars
FN:552,convertStringToDate
FN:572,convertEventsDate
FN:584,sortJsonByName
FN:590,sortJsonByStartDate
FN:601,(anonymous_24)
FN:611,(anonymous_25)
FN:614,(anonymous_26)
FN:619,adjustWeekWidth
FNF:27
FNH:1
FNDA:1,(anonymous_1)
FNDA:0,MaterialCalendar
FNDA:0,(anonymous_3)
FNDA:0,(anonymous_4)
FNDA:0,(anonymous_5)
FNDA:0,(anonymous_6)
FNDA:0,(anonymous_7)
FNDA:0,(anonymous_8)
FNDA:0,build
FNDA:0,markEvents
FNDA:0,updateRange
FNDA:0,getConfiguration
FNDA:0,convertDate
FNDA:0,getTitle
FNDA:0,getMonths
FNDA:0,getGroupTitle
FNDA:0,getWeeks
FNDA:0,calcEventPositionAndWidth
FNDA:0,removeSpecialChars
FNDA:0,convertStringToDate
FNDA:0,convertEventsDate
FNDA:0,sortJsonByName
FNDA:0,sortJsonByStartDate
FNDA:0,(anonymous_24)
FNDA:0,(anonymous_25)
FNDA:0,(anonymous_26)
FNDA:0,adjustWeekWidth
DA:3,1
DA:6,1
DA:7,0
DA:8,0
DA:13,0
DA:22,0
DA:23,0
DA:25,0
DA:29,0
DA:30,0
DA:31,0
DA:33,0
DA:36,1
DA:37,0
DA:38,0
DA:39,0
DA:43,1
DA:45,0
DA:53,0
DA:55,0
DA:57,0
DA:58,0
DA:60,0
DA:61,0
DA:62,0
DA:65,0
DA:67,0
DA:70,0
DA:71,0
DA:73,0
DA:75,0
DA:77,0
DA:78,0
DA:80,0
DA:81,0
DA:82,0
DA:83,0
DA:85,0
DA:89,0
DA:90,0
DA:91,0
DA:95,0
DA:99,1
DA:100,0
DA:104,1
DA:105,0
DA:113,0
DA:114,0
DA:117,0
DA:118,0
DA:119,0
DA:120,0
DA:121,0
DA:122,0
DA:125,0
DA:126,0
DA:129,0
DA:130,0
DA:133,0
DA:134,0
DA:137,0
DA:138,0
DA:142,0
DA:143,0
DA:145,0
DA:146,0
DA:147,0
DA:148,0
DA:151,0
DA:152,0
DA:156,0
DA:158,0
DA:160,0
DA:161,0
DA:162,0
DA:165,0
DA:166,0
DA:169,0
DA:170,0
DA:171,0
DA:172,0
DA:175,0
DA:176,0
DA:177,0
DA:178,0
DA:179,0
DA:182,0
DA:183,0
DA:184,0
DA:187,0
DA:189,0
DA:190,0
DA:193,0
DA:194,0
DA:195,0
DA:197,0
DA:198,0
DA:200,0
DA:202,0
DA:203,0
DA:204,0
DA:205,0
DA:206,0
DA:209,0
DA:210,0
DA:211,0
DA:214,0
DA:215,0
DA:216,0
DA:217,0
DA:219,0
DA:221,0
DA:222,0
DA:223,0
DA:224,0
DA:225,0
DA:226,0
DA:229,0
DA:230,0
DA:233,0
DA:234,0
DA:238,0
DA:239,0
DA:240,0
DA:241,0
DA:244,0
DA:245,0
DA:246,0
DA:249,0
DA:250,0
DA:251,0
DA:255,0
DA:256,0
DA:259,0
DA:260,0
DA:263,0
DA:267,1
DA:268,0
DA:270,0
DA:271,0
DA:272,0
DA:274,0
DA:275,0
DA:277,0
DA:278,0
DA:279,0
DA:280,0
DA:283,0
DA:284,0
DA:285,0
DA:288,0
DA:289,0
DA:291,0
DA:292,0
DA:295,0
DA:296,0
DA:297,0
DA:298,0
DA:302,0
DA:303,0
DA:304,0
DA:305,0
DA:308,0
DA:309,0
DA:312,0
DA:313,0
DA:314,0
DA:315,0
DA:317,0
DA:318,0
DA:319,0
DA:320,0
DA:321,0
DA:322,0
DA:324,0
DA:326,0
DA:327,0
DA:328,0
DA:331,0
DA:335,0
DA:340,1
DA:341,0
DA:342,0
DA:344,0
DA:347,1
DA:348,0
DA:349,0
DA:350,0
DA:354,0
DA:357,1
DA:358,0
DA:360,0
DA:362,0
DA:366,0
DA:368,0
DA:372,0
DA:374,0
DA:378,0
DA:380,0
DA:384,0
DA:386,0
DA:391,0
DA:394,0
DA:397,1
DA:398,0
DA:400,0
DA:401,0
DA:404,0
DA:407,1
DA:408,0
DA:412,0
DA:413,0
DA:414,0
DA:416,0
DA:417,0
DA:420,0
DA:423,0
DA:424,0
DA:426,0
DA:427,0
DA:430,0
DA:433,1
DA:434,0
DA:435,0
DA:436,0
DA:437,0
DA:438,0
DA:439,0
DA:440,0
DA:441,0
DA:442,0
DA:443,0
DA:446,1
DA:447,0
DA:453,0
DA:454,0
DA:455,0
DA:456,0
DA:461,0
DA:462,0
DA:463,0
DA:464,0
DA:465,0
DA:468,0
DA:480,1
DA:481,0
DA:488,0
DA:489,0
DA:491,0
DA:492,0
DA:493,0
DA:499,0
DA:500,0
DA:503,0
DA:504,0
DA:506,0
DA:510,0
DA:511,0
DA:515,0
DA:516,0
DA:520,0
DA:521,0
DA:523,0
DA:524,0
DA:527,0
DA:530,0
DA:532,0
DA:533,0
DA:534,0
DA:535,0
DA:538,0
DA:542,1
DA:543,0
DA:544,0
DA:552,1
DA:553,0
DA:554,0
DA:556,0
DA:557,0
DA:558,0
DA:559,0
DA:561,0
DA:564,0
DA:572,1
DA:573,0
DA:574,0
DA:575,0
DA:576,0
DA:580,0
DA:584,1
DA:585,0
DA:586,0
DA:590,1
DA:591,0
DA:592,0
DA:593,0
DA:594,0
DA:598,1
DA:602,0
DA:603,0
DA:605,0
DA:606,0
DA:607,0
DA:609,0
DA:612,0
DA:615,0
DA:619,1
DA:620,0
DA:624,0
DA:625,0
DA:626,0
DA:627,0
DA:631,1
LF:313
LH:23
BRDA:22,1,0,0
BRDA:22,1,1,0
BRDA:22,2,0,0
BRDA:22,2,1,0
BRDA:38,3,0,0
BRDA:38,3,1,0
BRDA:58,4,0,0
BRDA:58,4,1,0
BRDA:60,5,0,0
BRDA:60,5,1,0
BRDA:80,6,0,0
BRDA:80,6,1,0
BRDA:85,7,0,0
BRDA:85,7,1,0
BRDA:91,8,0,0
BRDA:91,8,1,0
BRDA:142,9,0,0
BRDA:142,9,1,0
BRDA:152,10,0,0
BRDA:152,10,1,0
BRDA:184,11,0,0
BRDA:184,11,1,0
BRDA:222,12,0,0
BRDA:222,12,1,0
BRDA:222,13,0,0
BRDA:222,13,1,0
BRDA:238,14,0,0
BRDA:238,14,1,0
BRDA:244,15,0,0
BRDA:244,15,1,0
BRDA:277,16,0,0
BRDA:277,16,1,0
BRDA:283,17,0,0
BRDA:283,17,1,0
BRDA:297,18,0,0
BRDA:297,18,1,0
BRDA:305,19,0,0
BRDA:305,19,1,0
BRDA:312,20,0,0
BRDA:312,20,1,0
BRDA:317,21,0,0
BRDA:317,21,1,0
BRDA:349,22,0,0
BRDA:349,22,1,0
BRDA:360,23,0,0
BRDA:360,23,1,0
BRDA:360,23,2,0
BRDA:360,23,3,0
BRDA:360,23,4,0
BRDA:413,24,0,0
BRDA:413,24,1,0
BRDA:416,25,0,0
BRDA:416,25,1,0
BRDA:453,26,0,0
BRDA:453,26,1,0
BRDA:465,27,0,0
BRDA:465,27,1,0
BRDA:465,28,0,0
BRDA:465,28,1,0
BRDA:488,29,0,0
BRDA:488,29,1,0
BRDA:491,30,0,0
BRDA:491,30,1,0
BRDA:500,31,0,0
BRDA:500,31,1,0
BRDA:503,32,0,0
BRDA:503,32,1,0
BRDA:503,33,0,0
BRDA:503,33,1,0
BRDA:510,34,0,0
BRDA:510,34,1,0
BRDA:510,35,0,0
BRDA:510,35,1,0
BRDA:515,36,0,0
BRDA:515,36,1,0
BRDA:515,37,0,0
BRDA:515,37,1,0
BRDA:520,38,0,0
BRDA:520,38,1,0
BRDA:523,39,0,0
BRDA:523,39,1,0
BRDA:556,40,0,0
BRDA:556,40,1,0
BRDA:558,41,0,0
BRDA:558,41,1,0
BRDA:574,42,0,0
BRDA:574,42,1,0
BRDA:592,43,0,0
BRDA:592,43,1,0
BRDA:593,44,0,0
BRDA:593,44,1,0
BRF:91
BRH:0
end_of_record
