TN:
SF:/Users/priscila/MaterialCalendar/public/content/js/material-calendar.js
FN:3,(anonymous_1)
FN:6,MaterialCalendar
FN:30,(anonymous_3)
FN:35,(anonymous_4)
FN:42,(anonymous_5)
FN:76,(anonymous_6)
FN:87,(anonymous_7)
FN:97,(anonymous_8)
FN:102,build
FN:261,markEvents
FN:326,updateRange
FN:336,getConfiguration
FN:346,convertDate
FN:386,getTitle
FN:396,getMonths
FN:412,getGroupTitle
FN:425,getWeeks
FN:468,calcEventPositionAndWidth
FN:512,removeSpecialChars
FN:522,convertStringToDate
FN:540,convertEventsDate
FN:550,sortJsonByName
FN:556,sortJsonByStartDate
FN:567,(anonymous_24)
FN:577,(anonymous_25)
FN:580,(anonymous_26)
FNF:26
FNH:1
FNDA:1,(anonymous_1)
FNDA:0,MaterialCalendar
FNDA:0,(anonymous_3)
FNDA:0,(anonymous_4)
FNDA:0,(anonymous_5)
FNDA:0,(anonymous_6)
FNDA:0,(anonymous_7)
FNDA:0,(anonymous_8)
FNDA:0,build
FNDA:0,markEvents
FNDA:0,updateRange
FNDA:0,getConfiguration
FNDA:0,convertDate
FNDA:0,getTitle
FNDA:0,getMonths
FNDA:0,getGroupTitle
FNDA:0,getWeeks
FNDA:0,calcEventPositionAndWidth
FNDA:0,removeSpecialChars
FNDA:0,convertStringToDate
FNDA:0,convertEventsDate
FNDA:0,sortJsonByName
FNDA:0,sortJsonByStartDate
FNDA:0,(anonymous_24)
FNDA:0,(anonymous_25)
FNDA:0,(anonymous_26)
DA:3,1
DA:6,1
DA:7,0
DA:8,0
DA:13,0
DA:21,0
DA:22,0
DA:24,0
DA:28,0
DA:29,0
DA:30,0
DA:32,0
DA:35,1
DA:36,0
DA:37,0
DA:38,0
DA:42,1
DA:44,0
DA:52,0
DA:54,0
DA:56,0
DA:57,0
DA:59,0
DA:60,0
DA:61,0
DA:64,0
DA:66,0
DA:69,0
DA:70,0
DA:72,0
DA:74,0
DA:76,0
DA:77,0
DA:79,0
DA:80,0
DA:81,0
DA:83,0
DA:87,0
DA:88,0
DA:89,0
DA:93,0
DA:97,1
DA:98,0
DA:102,1
DA:103,0
DA:111,0
DA:112,0
DA:115,0
DA:116,0
DA:117,0
DA:118,0
DA:119,0
DA:120,0
DA:123,0
DA:124,0
DA:127,0
DA:128,0
DA:131,0
DA:132,0
DA:135,0
DA:136,0
DA:140,0
DA:141,0
DA:143,0
DA:144,0
DA:145,0
DA:146,0
DA:149,0
DA:150,0
DA:154,0
DA:156,0
DA:158,0
DA:159,0
DA:160,0
DA:163,0
DA:164,0
DA:167,0
DA:168,0
DA:169,0
DA:170,0
DA:173,0
DA:174,0
DA:175,0
DA:176,0
DA:177,0
DA:180,0
DA:181,0
DA:184,0
DA:186,0
DA:187,0
DA:190,0
DA:191,0
DA:192,0
DA:194,0
DA:195,0
DA:197,0
DA:199,0
DA:200,0
DA:201,0
DA:204,0
DA:205,0
DA:206,0
DA:209,0
DA:210,0
DA:211,0
DA:212,0
DA:214,0
DA:216,0
DA:217,0
DA:218,0
DA:219,0
DA:220,0
DA:223,0
DA:224,0
DA:227,0
DA:228,0
DA:232,0
DA:233,0
DA:234,0
DA:235,0
DA:238,0
DA:239,0
DA:240,0
DA:243,0
DA:244,0
DA:245,0
DA:249,0
DA:250,0
DA:253,0
DA:254,0
DA:257,0
DA:261,1
DA:262,0
DA:264,0
DA:265,0
DA:266,0
DA:268,0
DA:269,0
DA:270,0
DA:273,0
DA:274,0
DA:277,0
DA:278,0
DA:280,0
DA:281,0
DA:284,0
DA:285,0
DA:288,0
DA:289,0
DA:290,0
DA:291,0
DA:294,0
DA:295,0
DA:298,0
DA:299,0
DA:300,0
DA:301,0
DA:303,0
DA:304,0
DA:305,0
DA:306,0
DA:307,0
DA:308,0
DA:310,0
DA:312,0
DA:313,0
DA:314,0
DA:317,0
DA:321,0
DA:326,1
DA:327,0
DA:330,0
DA:331,0
DA:333,0
DA:336,1
DA:337,0
DA:338,0
DA:339,0
DA:343,0
DA:346,1
DA:347,0
DA:349,0
DA:351,0
DA:355,0
DA:357,0
DA:361,0
DA:363,0
DA:367,0
DA:369,0
DA:373,0
DA:375,0
DA:380,0
DA:383,0
DA:386,1
DA:387,0
DA:389,0
DA:390,0
DA:393,0
DA:396,1
DA:397,0
DA:401,0
DA:402,0
DA:403,0
DA:405,0
DA:406,0
DA:409,0
DA:412,1
DA:413,0
DA:414,0
DA:415,0
DA:416,0
DA:417,0
DA:418,0
DA:419,0
DA:420,0
DA:421,0
DA:422,0
DA:425,1
DA:426,0
DA:436,0
DA:437,0
DA:440,0
DA:441,0
DA:444,0
DA:445,0
DA:446,0
DA:448,0
DA:451,0
DA:452,0
DA:453,0
DA:456,0
DA:468,1
DA:469,0
DA:476,0
DA:477,0
DA:478,0
DA:479,0
DA:484,0
DA:485,0
DA:486,0
DA:489,0
DA:490,0
DA:493,0
DA:494,0
DA:497,0
DA:500,0
DA:502,0
DA:503,0
DA:504,0
DA:505,0
DA:508,0
DA:512,1
DA:513,0
DA:514,0
DA:522,1
DA:523,0
DA:524,0
DA:525,0
DA:526,0
DA:527,0
DA:529,0
DA:532,0
DA:540,1
DA:541,0
DA:542,0
DA:543,0
DA:546,0
DA:550,1
DA:551,0
DA:552,0
DA:556,1
DA:557,0
DA:558,0
DA:559,0
DA:560,0
DA:564,1
DA:568,0
DA:569,0
DA:571,0
DA:572,0
DA:573,0
DA:575,0
DA:578,0
DA:581,0
DA:585,1
LF:285
LH:22
BRDA:21,1,0,0
BRDA:21,1,1,0
BRDA:21,2,0,0
BRDA:21,2,1,0
BRDA:37,3,0,0
BRDA:37,3,1,0
BRDA:57,4,0,0
BRDA:57,4,1,0
BRDA:59,5,0,0
BRDA:59,5,1,0
BRDA:79,6,0,0
BRDA:79,6,1,0
BRDA:83,7,0,0
BRDA:83,7,1,0
BRDA:89,8,0,0
BRDA:89,8,1,0
BRDA:140,9,0,0
BRDA:140,9,1,0
BRDA:150,10,0,0
BRDA:150,10,1,0
BRDA:232,11,0,0
BRDA:232,11,1,0
BRDA:238,12,0,0
BRDA:238,12,1,0
BRDA:269,13,0,0
BRDA:269,13,1,0
BRDA:273,14,0,0
BRDA:273,14,1,0
BRDA:291,15,0,0
BRDA:291,15,1,0
BRDA:298,16,0,0
BRDA:298,16,1,0
BRDA:303,17,0,0
BRDA:303,17,1,0
BRDA:338,18,0,0
BRDA:338,18,1,0
BRDA:349,19,0,0
BRDA:349,19,1,0
BRDA:349,19,2,0
BRDA:349,19,3,0
BRDA:349,19,4,0
BRDA:444,20,0,0
BRDA:444,20,1,0
BRDA:448,21,0,0
BRDA:448,21,1,0
BRDA:476,22,0,0
BRDA:476,22,1,0
BRDA:485,23,0,0
BRDA:485,23,1,0
BRDA:485,24,0,0
BRDA:485,24,1,0
BRDA:489,25,0,0
BRDA:489,25,1,0
BRDA:489,26,0,0
BRDA:489,26,1,0
BRDA:493,27,0,0
BRDA:493,27,1,0
BRDA:524,28,0,0
BRDA:524,28,1,0
BRDA:526,29,0,0
BRDA:526,29,1,0
BRDA:558,30,0,0
BRDA:558,30,1,0
BRDA:559,31,0,0
BRDA:559,31,1,0
BRF:65
BRH:0
end_of_record
